  main.cpp
C:\Users\michasm\TTK4900-ssnar_cpp\SLAM-application\main.cpp(2,10): fatal error C1083: Cannot open include file: 'panel.h': No such file or directory
  gui.cpp
C:\Users\michasm\TTK4900-ssnar_cpp\SLAM-application\gui.h(2,10): fatal error C1083: Cannot open include file: 'panel.h': No such file or directory
  mqtt_handler.cpp
C:\Users\michasm\TTK4900-ssnar_cpp\SLAM-application\mqtt_handler.h(4,10): fatal error C1083: Cannot open include file: 'MQTT.h': No such file or directory
  robots_inbox_handler.cpp
C:\Users\michasm\TTK4900-ssnar_cpp\SLAM-application\robots_inbox_handler.h(3,10): fatal error C1083: Cannot open include file: 'slam_message.h': No such file or directory
  robots_outbox_handler.cpp
C:\Users\michasm\TTK4900-ssnar_cpp\SLAM-application\robots_outbox_handler.h(3,10): fatal error C1083: Cannot open include file: 'slam_message.h': No such file or directory
  robot_connection_panel.cpp
C:\Users\michasm\TTK4900-ssnar_cpp\SLAM-application\robot_connection_panel.h(3,10): fatal error C1083: Cannot open include file: 'panel.h': No such file or directory
  simulation_handler.cpp
C:\Users\michasm\TTK4900-ssnar_cpp\SLAM-application\simulation_handler.h(5,10): fatal error C1083: Cannot open include file: 'simulation_panel.h': No such file or directory
  animated_line.cpp
C:\Users\michasm\TTK4900-ssnar_cpp\SLAM-application\Src\animated_line.cpp(1,10): fatal error C1083: Cannot open include file: 'animated_line.h': No such file or directory
  init_robot_panel.cpp
C:\Users\michasm\TTK4900-ssnar_cpp\SLAM-application\Src\init_robot_panel.cpp(1,10): fatal error C1083: Cannot open include file: 'init_robot_panel.h': No such file or directory
  particle.cpp
C:\Users\michasm\TTK4900-ssnar_cpp\SLAM-application\Src\particle.cpp(3,10): fatal error C1083: Cannot open include file: 'particle.h': No such file or directory
  simulation_panel.cpp
C:\Users\michasm\TTK4900-ssnar_cpp\SLAM-application\Src\simulation_panel.cpp(1,10): fatal error C1083: Cannot open include file: 'simulation_panel.h': No such file or directory
  squares.cpp
C:\Users\michasm\TTK4900-ssnar_cpp\SLAM-application\Src\squares.cpp(1,10): fatal error C1083: Cannot open include file: 'squares.h': No such file or directory
  square_grid.cpp
C:\Users\michasm\TTK4900-ssnar_cpp\SLAM-application\Src\square_grid.cpp(1,10): fatal error C1083: Cannot open include file: 'square_grid.h': No such file or directory
  clicks.cpp
C:\Users\michasm\TTK4900-ssnar_cpp\SLAM-application\Src\clicks.cpp(1,10): fatal error C1083: Cannot open include file: 'clicks.h': No such file or directory
  control_panel.cpp
C:\Users\michasm\TTK4900-ssnar_cpp\SLAM-application\Src\control_panel.cpp(1,10): fatal error C1083: Cannot open include file: 'control_panel.h': No such file or directory
  grid.cpp
C:\Users\michasm\TTK4900-ssnar_cpp\SLAM-application\Src\grid.cpp(1,10): fatal error C1083: Cannot open include file: 'grid.h': No such file or directory
  grid_path_solver.cpp
C:\Users\michasm\TTK4900-ssnar_cpp\SLAM-application\Src\grid_path_solver.cpp(1,10): fatal error C1083: Cannot open include file: 'grid_common.h': No such file or directory
  grid_util.cpp
C:\Users\michasm\TTK4900-ssnar_cpp\SLAM-application\Src\grid_util.cpp(1,10): fatal error C1083: Cannot open include file: 'grid_util.h': No such file or directory
  imgui-SFML.cpp
C:\Users\michasm\TTK4900-ssnar_cpp\SLAM-application\Src\imgui-SFML.cpp(1,10): fatal error C1083: Cannot open include file: 'imgui-SFML.h': No such file or directory
  lines.cpp
C:\Users\michasm\TTK4900-ssnar_cpp\SLAM-application\Src\lines.cpp(1,10): fatal error C1083: Cannot open include file: 'lines.h': No such file or directory
  Compiling...
  MQTT.cpp
C:\Users\michasm\TTK4900-ssnar_cpp\SLAM-application\Src\MQTT.cpp(1,10): fatal error C1083: Cannot open include file: 'MQTT.h': No such file or directory
  MQTT_panel.cpp
C:\Users\michasm\TTK4900-ssnar_cpp\SLAM-application\Src\MQTT_panel.cpp(1,10): fatal error C1083: Cannot open include file: 'mqtt_panel.h': No such file or directory
  MQTT_utility.cpp
C:\Users\michasm\TTK4900-ssnar_cpp\SLAM-application\Src\MQTT_utility.cpp(1,10): fatal error C1083: Cannot open include file: 'MQTT_utility.h': No such file or directory
  obstructable_grid.cpp
C:\Users\michasm\TTK4900-ssnar_cpp\SLAM-application\Src\obstructable_grid.cpp(1,10): fatal error C1083: Cannot open include file: 'grid_common.h': No such file or directory
  panel.cpp
C:\Users\michasm\TTK4900-ssnar_cpp\SLAM-application\Src\panel.cpp(1,10): fatal error C1083: Cannot open include file: 'panel.h': No such file or directory
  panel_base.cpp
C:\Users\michasm\TTK4900-ssnar_cpp\SLAM-application\Src\panel_base.cpp(1,10): fatal error C1083: Cannot open include file: 'panel_base.h': No such file or directory
  path.cpp
C:\Users\michasm\TTK4900-ssnar_cpp\SLAM-application\Src\path.cpp(1,10): fatal error C1083: Cannot open include file: 'path.h': No such file or directory
  robot.cpp
C:\Users\michasm\TTK4900-ssnar_cpp\SLAM-application\Src\robot.cpp(1,10): fatal error C1083: Cannot open include file: 'robot.h': No such file or directory
  robots.cpp
C:\Users\michasm\TTK4900-ssnar_cpp\SLAM-application\Src\robots.cpp(1,10): fatal error C1083: Cannot open include file: 'robots.h': No such file or directory
  robot_simulation.cpp
C:\Users\michasm\TTK4900-ssnar_cpp\SLAM-application\Src\robot_simulation.cpp(6,10): fatal error C1083: Cannot open include file: 'slam_utility.h': No such file or directory
  slam_grid.cpp
C:\Users\michasm\TTK4900-ssnar_cpp\SLAM-application\Src\slam_grid.cpp(1,10): fatal error C1083: Cannot open include file: 'slam_grid.h': No such file or directory
  slam_message.cpp
C:\Users\michasm\TTK4900-ssnar_cpp\SLAM-application\Src\slam_message.cpp(1,10): fatal error C1083: Cannot open include file: 'slam_message.h': No such file or directory
  slam_utility.cpp
C:\Users\michasm\TTK4900-ssnar_cpp\SLAM-application\Src\slam_utility.cpp(3,10): fatal error C1083: Cannot open include file: 'slam_utility.h': No such file or directory
  target_panel.cpp
C:\Users\michasm\TTK4900-ssnar_cpp\SLAM-application\Src\target_panel.cpp(2,10): fatal error C1083: Cannot open include file: 'target_panel.h': No such file or directory
  window.cpp
C:\Users\michasm\TTK4900-ssnar_cpp\SLAM-application\Src\window.cpp(1,10): fatal error C1083: Cannot open include file: 'window.h': No such file or directory
