c:\users\michasm\ttk4900-ssnar_cpp\slam-application\debug\vc142.pdb
c:\users\michasm\ttk4900-ssnar_cpp\slam-application\debug\vc142.idb
c:\users\michasm\ttk4900-ssnar_cpp\slam-application\debug\robot.obj
c:\users\michasm\ttk4900-ssnar_cpp\slam-application\debug\path.obj
c:\users\michasm\ttk4900-ssnar_cpp\slam-application\debug\panel_base.obj
c:\users\michasm\ttk4900-ssnar_cpp\slam-application\debug\panel.obj
c:\users\michasm\ttk4900-ssnar_cpp\slam-application\debug\obstructable_grid.obj
c:\users\michasm\ttk4900-ssnar_cpp\slam-application\debug\mqtt_panel.obj
c:\users\michasm\ttk4900-ssnar_cpp\slam-application\debug\mqtt.obj
c:\users\michasm\ttk4900-ssnar_cpp\slam-application\debug\lines.obj
c:\users\michasm\ttk4900-ssnar_cpp\slam-application\debug\imgui-sfml.obj
c:\users\michasm\ttk4900-ssnar_cpp\slam-application\debug\grid_util.obj
c:\users\michasm\ttk4900-ssnar_cpp\slam-application\debug\grid_path_solver.obj
c:\users\michasm\ttk4900-ssnar_cpp\slam-application\debug\grid.obj
c:\users\michasm\ttk4900-ssnar_cpp\slam-application\debug\control_panel.obj
c:\users\michasm\ttk4900-ssnar_cpp\slam-application\debug\clicks.obj
c:\users\michasm\ttk4900-ssnar_cpp\slam-application\debug\circle_grid.obj
c:\users\michasm\ttk4900-ssnar_cpp\slam-application\debug\circles.obj
c:\users\michasm\ttk4900-ssnar_cpp\slam-application\debug\animated_line.obj
c:\users\michasm\ttk4900-ssnar_cpp\slam-application\debug\simulation_panel.obj
c:\users\michasm\ttk4900-ssnar_cpp\slam-application\debug\main.obj
c:\users\michasm\ttk4900-ssnar_cpp\slam-application\debug\target_panel.obj
c:\users\michasm\ttk4900-ssnar_cpp\slam-application\debug\window.obj
c:\users\michasm\ttk4900-ssnar_cpp\slam-application\debug\slam_utility.obj
c:\users\michasm\ttk4900-ssnar_cpp\slam-application\debug\slam_message.obj
c:\users\michasm\ttk4900-ssnar_cpp\slam-application\debug\slam_grid.obj
c:\users\michasm\ttk4900-ssnar_cpp\slam-application\debug\robot_simulation.obj
c:\users\michasm\ttk4900-ssnar_cpp\slam-application\debug\robots.obj
c:\users\michasm\ttk4900-ssnar_cpp\slam-application\debug\mqtt_utility.obj
c:\users\michasm\ttk4900-ssnar_cpp\slam-application\debug\particle.obj
c:\users\michasm\ttk4900-ssnar_cpp\slam-application\debug\square_grid.obj
c:\users\michasm\ttk4900-ssnar_cpp\slam-application\debug\squares.obj
c:\users\michasm\ttk4900-ssnar_cpp\slam-application\debug\init_robot_panel.obj
c:\users\michasm\ttk4900-ssnar_cpp\slam-application\debug\slam-application.res
c:\users\michasm\ttk4900-ssnar_cpp\slam-application\debug\vcpkg.applocal.log
c:\users\michasm\ttk4900-ssnar_cpp\debug\boost_context-vc142-mt-gd-x32-1_72.dll
c:\users\michasm\ttk4900-ssnar_cpp\debug\boost_fiber-vc142-mt-gd-x32-1_72.dll
c:\users\michasm\ttk4900-ssnar_cpp\debug\paho-mqtt3a.dll
c:\users\michasm\ttk4900-ssnar_cpp\debug\sfml-graphics-d-2.dll
c:\users\michasm\ttk4900-ssnar_cpp\debug\sfml-window-d-2.dll
c:\users\michasm\ttk4900-ssnar_cpp\debug\sfml-system-d-2.dll
c:\users\michasm\ttk4900-ssnar_cpp\debug\freetyped.dll
c:\users\michasm\ttk4900-ssnar_cpp\debug\zlibd1.dll
c:\users\michasm\ttk4900-ssnar_cpp\debug\bz2d.dll
c:\users\michasm\ttk4900-ssnar_cpp\debug\libpng16d.dll
c:\users\michasm\ttk4900-ssnar_cpp\slam-application\debug\vc141.idb
c:\users\michasm\ttk4900-ssnar_cpp\slam-application\debug\vc141.pdb
c:\users\michasm\ttk4900-ssnar_cpp\debug\slam-application.pdb
c:\users\michasm\ttk4900-ssnar_cpp\slam-application\debug\slam-application.tlog\cl.command.1.tlog
c:\users\michasm\ttk4900-ssnar_cpp\slam-application\debug\slam-application.tlog\cl.read.1.tlog
c:\users\michasm\ttk4900-ssnar_cpp\slam-application\debug\slam-application.tlog\cl.write.1.tlog
c:\users\michasm\ttk4900-ssnar_cpp\slam-application\debug\slam-application.tlog\link-cvtres.read.1.tlog
c:\users\michasm\ttk4900-ssnar_cpp\slam-application\debug\slam-application.tlog\link-cvtres.write.1.tlog
c:\users\michasm\ttk4900-ssnar_cpp\slam-application\debug\slam-application.tlog\link-rc.read.1.tlog
c:\users\michasm\ttk4900-ssnar_cpp\slam-application\debug\slam-application.tlog\link-rc.write.1.tlog
c:\users\michasm\ttk4900-ssnar_cpp\slam-application\debug\slam-application.tlog\link.17184-cvtres.read.1.tlog
c:\users\michasm\ttk4900-ssnar_cpp\slam-application\debug\slam-application.tlog\link.17184-cvtres.write.1.tlog
c:\users\michasm\ttk4900-ssnar_cpp\slam-application\debug\slam-application.tlog\link.17184-rc.read.1.tlog
c:\users\michasm\ttk4900-ssnar_cpp\slam-application\debug\slam-application.tlog\link.17184-rc.write.1.tlog
c:\users\michasm\ttk4900-ssnar_cpp\slam-application\debug\slam-application.tlog\link.17184.read.1.tlog
c:\users\michasm\ttk4900-ssnar_cpp\slam-application\debug\slam-application.tlog\link.17184.write.1.tlog
c:\users\michasm\ttk4900-ssnar_cpp\slam-application\debug\slam-application.tlog\link.command.1.tlog
c:\users\michasm\ttk4900-ssnar_cpp\slam-application\debug\slam-application.tlog\link.read.1.tlog
c:\users\michasm\ttk4900-ssnar_cpp\slam-application\debug\slam-application.tlog\link.write.1.tlog
c:\users\michasm\ttk4900-ssnar_cpp\slam-application\debug\slam-application.tlog\rc.command.1.tlog
c:\users\michasm\ttk4900-ssnar_cpp\slam-application\debug\slam-application.tlog\rc.read.1.tlog
c:\users\michasm\ttk4900-ssnar_cpp\slam-application\debug\slam-application.tlog\rc.write.1.tlog
c:\users\michasm\ttk4900-ssnar_cpp\slam-application\debug\slam-application.tlog\slam-application.write.1u.tlog
